  BranchInvoker.cpp
  Executor.cpp
  Facade.cpp
  Interpreter.cpp
  LastInvoker.cpp
  MathInvoker.cpp
  Memory.cpp
  MemoryInvoker.cpp
  OpAdd.cpp
  OpBranch.cpp
  OpBranchNeg.cpp
  OpBranchZero.cpp
  OpDivide.cpp
  OpLoad.cpp
  OpMultiply.cpp
  OpRead.cpp
C:\Users\kevin\Desktop\New folder\SCRUMteam5_M2-main\OpRead.cpp(20,23): error C2146: syntax error: missing ')' before identifier 'or'
C:\Users\kevin\Desktop\New folder\SCRUMteam5_M2-main\OpRead.cpp(20,23): error C2065: 'or': undeclared identifier
C:\Users\kevin\Desktop\New folder\SCRUMteam5_M2-main\OpRead.cpp(20,26): error C2146: syntax error: missing ';' before identifier 'firstChar'
C:\Users\kevin\Desktop\New folder\SCRUMteam5_M2-main\OpRead.cpp(20,42): error C2059: syntax error: ')'
C:\Users\kevin\Desktop\New folder\SCRUMteam5_M2-main\OpRead.cpp(22,17): error C2059: syntax error: ';'
C:\Users\kevin\Desktop\New folder\SCRUMteam5_M2-main\OpRead.cpp(24,2): error C2059: syntax error: 'if'
C:\Users\kevin\Desktop\New folder\SCRUMteam5_M2-main\OpRead.cpp(25,2): error C2143: syntax error: missing ';' before '{'
C:\Users\kevin\Desktop\New folder\SCRUMteam5_M2-main\OpRead.cpp(25,2): error C2447: '{': missing function header (old-style formal list?)
C:\Users\kevin\Desktop\New folder\SCRUMteam5_M2-main\OpRead.cpp(28,2): error C2059: syntax error: 'try'
C:\Users\kevin\Desktop\New folder\SCRUMteam5_M2-main\OpRead.cpp(29,2): error C2143: syntax error: missing ';' before '{'
C:\Users\kevin\Desktop\New folder\SCRUMteam5_M2-main\OpRead.cpp(29,2): error C2447: '{': missing function header (old-style formal list?)
C:\Users\kevin\Desktop\New folder\SCRUMteam5_M2-main\OpRead.cpp(32,2): error C2059: syntax error: 'catch'
C:\Users\kevin\Desktop\New folder\SCRUMteam5_M2-main\OpRead.cpp(33,2): error C2143: syntax error: missing ';' before '{'
C:\Users\kevin\Desktop\New folder\SCRUMteam5_M2-main\OpRead.cpp(33,2): error C2447: '{': missing function header (old-style formal list?)
C:\Users\kevin\Desktop\New folder\SCRUMteam5_M2-main\OpRead.cpp(36,2): error C2059: syntax error: 'this'
C:\Users\kevin\Desktop\New folder\SCRUMteam5_M2-main\OpRead.cpp(37,2): error C2059: syntax error: 'return'
C:\Users\kevin\Desktop\New folder\SCRUMteam5_M2-main\OpRead.cpp(38,1): error C2059: syntax error: '}'
C:\Users\kevin\Desktop\New folder\SCRUMteam5_M2-main\OpRead.cpp(38,1): error C2143: syntax error: missing ';' before '}'
  OpStore.cpp
  OpSubtract.cpp
  OpWrite.cpp
  AssemblyInfo.cpp
  Generating Code...
